<?xml version="1.0" encoding="UTF-8"?>
<!-- Generated by org.testng.reporters.JUnitXMLReporter -->
<testsuite ignored="2" hostname="DESKTOP-H0SHG5R" failures="0" tests="2" name="Test" time="12.971" errors="0" timestamp="2023-02-26T09:37:32 IST">
  <testcase classname="test.PrallelTest" name="launchFirefox" time="7.792"/>
  <testcase classname="test.PrallelTest" name="facebook2" time="5.121"/>
  <testcase classname="test.PrallelTest" name="launchChrome" time="0.0">
    <ignored/>
  </testcase> <!-- launchChrome -->
  <testcase classname="test.PrallelTest" name="facebook1" time="0.0">
    <ignored/>
  </testcase> <!-- facebook1 -->
</testsuite> <!-- Test -->
