<?xml version="1.0" encoding="UTF-8"?>
<testng-results ignored="2" total="4" passed="2" failed="0" skipped="0">
  <reporter-output>
  </reporter-output>
  <suite started-at="2023-02-26T09:37:19 IST" name="Suite" finished-at="2023-02-26T09:37:32 IST" duration-ms="12971">
    <groups>
      <group name="Firefox">
        <method signature="PrallelTest.launchFirefox()[pri:0, instance:test.PrallelTest@366647c2]" name="launchFirefox" class="test.PrallelTest"/>
        <method signature="PrallelTest.facebook2()[pri:0, instance:test.PrallelTest@366647c2]" name="facebook2" class="test.PrallelTest"/>
      </group> <!-- Firefox -->
    </groups>
    <test started-at="2023-02-26T09:37:19 IST" name="Test" finished-at="2023-02-26T09:37:32 IST" duration-ms="12971">
      <class name="test.PrallelTest">
        <test-method signature="launchFirefox()[pri:0, instance:test.PrallelTest@366647c2]" started-at="2023-02-26T09:37:19 IST" name="launchFirefox" finished-at="2023-02-26T09:37:27 IST" duration-ms="7792" status="PASS">
          <reporter-output>
          </reporter-output>
        </test-method> <!-- launchFirefox -->
        <test-method signature="facebook2()[pri:0, instance:test.PrallelTest@366647c2]" started-at="2023-02-26T09:37:27 IST" name="facebook2" finished-at="2023-02-26T09:37:32 IST" depends-on-methods="test.PrallelTest.launchFirefox" duration-ms="5121" status="PASS">
          <reporter-output>
          </reporter-output>
        </test-method> <!-- facebook2 -->
      </class> <!-- test.PrallelTest -->
    </test> <!-- Test -->
  </suite> <!-- Suite -->
</testng-results>
